<testsuites failures="6" id="20220129" name="Automatic OpenAF build test" tests="18" time="216.042"><testsuite failures="6" id="SNMP" name="SNMP" tests="6" time="0.157" timestamp="2022-01-29T17:08:54.658Z"><testcase id="1643476134658" name="SNMP Client Get v2" time="0.131"><failure message="JavaException: java.lang.NullPointerException: null" type="ERROR">JavaException: java.lang.NullPointerException: null</failure></testcase><testcase id="1643476134856" name="SNMP Client Get v3" time="0.007"><failure message="JavaException: java.lang.NullPointerException: null" type="ERROR">JavaException: java.lang.NullPointerException: null</failure></testcase><testcase id="1643476134909" name="SNMP Client Trap v2" time="0.003"><failure message="JavaException: java.lang.NullPointerException: null" type="ERROR">JavaException: java.lang.NullPointerException: null</failure></testcase><testcase id="1643476134960" name="SNMP Client Trap v3" time="0.005"><failure message="JavaException: java.lang.NullPointerException: null" type="ERROR">JavaException: java.lang.NullPointerException: null</failure></testcase><testcase id="1643476135009" name="SNMP Client Inform v2" time="0.006"><failure message="JavaException: java.lang.NullPointerException: null" type="ERROR">JavaException: java.lang.NullPointerException: null</failure></testcase><testcase id="1643476135050" name="SNMP Client Inform v3" time="0.005"><failure message="JavaException: java.lang.NullPointerException: null" type="ERROR">JavaException: java.lang.NullPointerException: null</failure></testcase></testsuite><testsuite failures="0" id="oJob" name="oJob" tests="1" time="1.232" timestamp="2022-01-29T17:08:55.091Z"><testcase id="1643476135091" name="oJob" time="1.232"/></testsuite><testsuite failures="0" id="Sec" name="Sec" tests="3" time="1.516" timestamp="2022-01-29T17:08:56.383Z"><testcase id="1643476136383" name="Sec basic functionality" time="0.084"/><testcase id="1643476136496" name="Sec function functionality" time="0.429"/><testcase id="1643476136945" name="Sec object functionality" time="1.003"/></testsuite><testsuite failures="0" id="ZIP" name="ZIP" tests="2" time="3.943" timestamp="2022-01-29T17:08:57.990Z"><testcase id="1643476137990" name="ZIP basic functionality" time="1.876"/><testcase id="1643476139888" name="ZIP streaming functionality" time="2.067"/></testsuite><testsuite failures="0" id="JMX" name="JMX" tests="1" time="0.398" timestamp="2022-01-29T17:09:02.006Z"><testcase id="1643476142006" name="JMX test" time="0.398"/></testsuite><testsuite failures="0" id="Obj" name="Obj" tests="13" time="9.465" timestamp="2022-01-29T17:09:02.467Z"><testcase id="1643476142467" name="Flatten" time="0.172"/><testcase id="1643476142681" name="REST Errors" time="2.007"/><testcase id="1643476144721" name="Get Path" time="0"/><testcase id="1643476144741" name="Set Path" time="0"/><testcase id="1643476144759" name="Array to object conversion" time="0.001"/><testcase id="1643476144779" name="Object schema validation" time="0.175"/><testcase id="1643476144973" name="Object to array conversion" time="0.001"/><testcase id="1643476145025" name="Object pool" time="6.073"/><testcase id="1643476151118" name="Object fuzzy search" time="0.023"/><testcase id="1643476151168" name="Thread-safe array" time="0.003"/><testcase id="1643476151191" name="Generate One of" time="0.009"/><testcase id="1643476151220" name="Generate One of Fn" time="0.001"/><testcase id="1643476151241" name="Sign object" time="1"/></testsuite><testsuite failures="0" id="Server" name="Server" tests="8" time="31.308" timestamp="2022-01-29T17:09:12.297Z"><testcase id="1643476152297" name="Scheduler" time="15.018"/><testcase id="1643476167360" name="REST server" time="0.136"/><testcase id="1643476167517" name="REST server simple" time="0.029"/><testcase id="1643476167566" name="HTTP server" time="0.049"/><testcase id="1643476167634" name="Locks" time="1.017"/><testcase id="1643476168676" name="Auth" time="6.025"/><testcase id="1643476174721" name="AuthApp" time="0.163"/><testcase id="1643476174902" name="Queue" time="8.871"/></testsuite><testsuite failures="0" id="AI" name="AI" tests="13" time="15.993" timestamp="2022-01-29T17:09:43.798Z"><testcase id="1643476183798" name="Perceptron XOR" time="0.616"/><testcase id="1643476184439" name="Perceptron XOR Put" time="13.81"/><testcase id="1643476198272" name="Liquid XOR" time="0.577"/><testcase id="1643476198873" name="LSTM AND" time="0.186"/><testcase id="1643476199076" name="Perceptron network save and load" time="0.044"/><testcase id="1643476199157" name="Liquid network save and load" time="0.474"/><testcase id="1643476199651" name="LSTM network save and load" time="0.195"/><testcase id="1643476199862" name="Normalize with schema" time="0.005"/><testcase id="1643476199882" name="Normalize features array" time="0.001"/><testcase id="1643476199903" name="Perceptron XOR save and load" time="0.031"/><testcase id="1643476199950" name="Test ID3" time="0.033"/><testcase id="1643476199998" name="Test C45" time="0.019"/><testcase id="1643476200033" name="Test KMeans" time="0.002"/></testsuite><testsuite failures="0" id="oDoc" name="oDoc" tests="1" time="0.656" timestamp="2022-01-29T17:10:00.051Z"><testcase id="1643476200051" name="Test access to oDoc" time="0.656"/></testsuite><testsuite failures="0" id="Template" name="Template" tests="6" time="0.269" timestamp="2022-01-29T17:10:00.730Z"><testcase id="1643476200730" name="Load Template" time="0"/><testcase id="1643476200750" name="Test Markdown to HTML" time="0.12"/><testcase id="1643476200893" name="Test simple template" time="0.021"/><testcase id="1643476200937" name="Test format helpers" time="0.037"/><testcase id="1643476200997" name="Test conditional helpers" time="0.076"/><testcase id="1643476201090" name="Test partial helpers" time="0.015"/></testsuite><testsuite failures="0" id="Channels" name="Channels" tests="24" time="141.049" timestamp="2022-01-29T17:10:01.123Z"><testcase id="1643476201123" name="Test Elastic Index" time="0.001"/><testcase id="1643476201142" name="Remote channel access auditing" time="0.08"/><testcase id="1643476201245" name="Subscribers test" time="6.273"/><testcase id="1643476207538" name="Test MVS Utils" time="0.135"/><testcase id="1643476207701" name="Keep history util" time="4.011"/><testcase id="1643476211734" name="Test channel (big)" time="0.001"/><testcase id="1643476211741" name="Test channel (big)" time="0.035"/><testcase id="1643476211783" name="Test channel (big)" time="0.898"/><testcase id="1643476212688" name="Test channel (big)" time="0"/><testcase id="1643476212694" name="Test channel (big)" time="32.044"/><testcase id="1643476244757" name="Test channel (simple)" time="0.002"/><testcase id="1643476244765" name="Test channel (simple)" time="0.021"/><testcase id="1643476244793" name="Test channel (simple)" time="0.695"/><testcase id="1643476245494" name="Test channel (simple)" time="0.001"/><testcase id="1643476245500" name="Test channel (simple)" time="32.033"/><testcase id="1643476277554" name="Test channel (mvs)" time="0.001"/><testcase id="1643476277561" name="Test channel (mvs)" time="0.018"/><testcase id="1643476277584" name="Test channel (mvs)" time="0.665"/><testcase id="1643476278254" name="Test channel (mvs)" time="0"/><testcase id="1643476278258" name="Test channel (mvs)" time="32.041"/><testcase id="1643476310319" name="Test channel (cache)" time="0.001"/><testcase id="1643476310327" name="Test channel (cache)" time="0"/><testcase id="1643476310333" name="Test channel (cache)" time="32.035"/><testcase id="1643476342387" name="Test channel (all)" time="0.058"/></testsuite><testsuite failures="0" id="Format" name="Format" tests="19" time="0.534" timestamp="2022-01-29T17:12:22.468Z"><testcase id="1643476342468" name="Load Format" time="0"/><testcase id="1643476342488" name="Add number separator" time="0.001"/><testcase id="1643476342514" name="Number abbreviation" time="0"/><testcase id="1643476342547" name="Number rounding" time="0"/><testcase id="1643476342584" name="Time ago" time="0"/><testcase id="1643476342606" name="Date to/from" time="0.011"/><testcase id="1643476342635" name="Unix date to/from" time="0"/><testcase id="1643476342659" name="LDAP date to/from" time="0.001"/><testcase id="1643476342682" name="Escape strings" time="0.001"/><testcase id="1643476342704" name="Word wrap" time="0.003"/><testcase id="1643476342743" name="String pad" time="0.001"/><testcase id="1643476342765" name="Date diff" time="0.013"/><testcase id="1643476342796" name="Cron" time="0.001"/><testcase id="1643476342814" name="Conversions" time="0.001"/><testcase id="1643476342836" name="LSH" time="0.469"/><testcase id="1643476343321" name="Host" time="0.005"/><testcase id="1643476343343" name="Cron How Many Ago" time="0.011"/><testcase id="1643476343371" name="Escape/Unescape HTML4" time="0.013"/><testcase id="1643476343405" name="SLON" time="0.003"/></testsuite><testsuite failures="0" id="Java" name="Java" tests="2" time="0.383" timestamp="2022-01-29T17:12:23.438Z"><testcase id="1643476343438" name="Java Cipher" time="0.277"/><testcase id="1643476343733" name="Java ASym Cipher" time="0.106"/></testsuite><testsuite failures="0" id="HTTP" name="HTTP" tests="4" time="4.865" timestamp="2022-01-29T17:12:23.856Z"><testcase id="1643476343856" name="HTTP plugin basic functionality" time="0.031"/><testcase id="1643476343909" name="HTTP plugin web socket client" time="2.502"/><testcase id="1643476346440" name="HTTP plugin test basic auth" time="1.479"/><testcase id="1643476347937" name="HTTP changing user agent" time="0.853"/></testsuite><testsuite failures="0" id="DB" name="DB" tests="2" time="0.222" timestamp="2022-01-29T17:12:28.817Z"><testcase id="1643476348817" name="Simple DB in memory" time="0.212"/><testcase id="1643476349049" name="DB type conversion to JS" time="0.01"/></testsuite><testsuite failures="0" id="IO" name="IO" tests="9" time="0.581" timestamp="2022-01-29T17:12:29.084Z"><testcase id="1643476349084" name="IO Test JSON" time="0.001"/><testcase id="1643476349103" name="IO Test copy streams" time="0.485"/><testcase id="1643476349605" name="IO Test read/writeFileStream" time="0.005"/><testcase id="1643476349627" name="IO Test read/writeFileStreamBytes" time="0.001"/><testcase id="1643476349644" name="IO Test read/writeFileStream NIO" time="0.004"/><testcase id="1643476349664" name="IO Test read/writeFileStreamBytes NIO" time="0.002"/><testcase id="1643476349681" name="IO Test Gzip Native to Byte array" time="0.024"/><testcase id="1643476349721" name="IO Test binary file detection" time="0.011"/><testcase id="1643476349751" name="IO Test copy/move/delete file" time="0.048"/></testsuite><testsuite failures="0" id="CSV" name="CSV" tests="3" time="0.046" timestamp="2022-01-29T17:12:29.815Z"><testcase id="1643476349815" name="Generic CSV" time="0.018"/><testcase id="1643476349854" name="Stream CSV" time="0.026"/><testcase id="1643476349917" name="ToFrom CSV" time="0.002"/></testsuite><testsuite failures="0" id="OpenAF" name="OpenAF" tests="42" time="3.425" timestamp="2022-01-29T17:12:29.957Z"><testcase id="1643476349957" name="Get version" time="0"/><testcase id="1643476349981" name="Prints" time="0.001"/><testcase id="1643476349997" name="SPrints" time="0.001"/><testcase id="1643476350012" name="Logs" time="0.005"/><testcase id="1643476350031" name="IsFunctions" time="0"/><testcase id="1643476350054" name="DescType" time="0.002"/><testcase id="1643476350073" name="Test SHA1" time="0"/><testcase id="1643476350094" name="Test SHA256" time="0"/><testcase id="1643476350111" name="Test SHA512" time="0"/><testcase id="1643476350128" name="Test BCrypt" time="0.738"/><testcase id="1643476350881" name="Test Merge" time="0.001"/><testcase id="1643476350902" name="Test Shell" time="0.005"/><testcase id="1643476350930" name="Test Shell with Map" time="0.003"/><testcase id="1643476350949" name="Test Encoding" time="0"/><testcase id="1643476350968" name="Test Format Conversion to/from bytes" time="0"/><testcase id="1643476350988" name="Test Format Conversion to/from base64" time="0"/><testcase id="1643476351007" name="Test Stream conversions" time="0.001"/><testcase id="1643476351026" name="Test Object Compression" time="0.001"/><testcase id="1643476351046" name="Test $do" time="0.022"/><testcase id="1643476351101" name="Test $doAll" time="0.007"/><testcase id="1643476351143" name="Test $doFirst" time="0.161"/><testcase id="1643476351325" name="Basic Parallel processing" time="0.055"/><testcase id="1643476351397" name="Crypt" time="0.011"/><testcase id="1643476351422" name="Encrypt/Decrypt" time="0.001"/><testcase id="1643476351449" name="YAML" time="0.005"/><testcase id="1643476351475" name="Cache" time="0.356"/><testcase id="1643476351847" name="Retry" time="0.001"/><testcase id="1643476351864" name="Await" time="0.005"/><testcase id="1643476351882" name="NDJSON" time="0.001"/><testcase id="1643476351897" name="XML2And4Obj" time="0.167"/><testcase id="1643476352089" name="Map22Array" time="0.998"/><testcase id="1643476353112" name="Search Key and Values" time="0.003"/><testcase id="1643476353147" name="Two factor authentication" time="0.002"/><testcase id="1643476353214" name="Java RegExp" time="0.005"/><testcase id="1643476353237" name="Get Path" time="0.001"/><testcase id="1643476353261" name="Set Path" time="0.001"/><testcase id="1643476353289" name="Map Array" time="0.001"/><testcase id="1643476353315" name="PSelect" time="0.036"/><testcase id="1643476353370" name="Thread box" time="0.309"/><testcase id="1643476353700" name="Test Rest" time="0.515"/><testcase id="1643476354234" name="Test Void shortcut" time="0"/><testcase id="1643476354249" name="Test Envs" time="0.004"/></testsuite></testsuites>