<testsuites failures="4" id="20210105" name="Automatic OpenAF build test" tests="17" time="253.13"><testsuite failures="0" id="oJob" name="oJob" tests="1" time="2.437" timestamp="2021-01-05T20:34:58.502Z"><testcase id="1609878898502" name="oJob" time="2.437"/></testsuite><testsuite failures="0" id="Sec" name="Sec" tests="3" time="2.28" timestamp="2021-01-05T20:35:01.295Z"><testcase id="1609878901295" name="Sec basic functionality" time="0.124"/><testcase id="1609878901645" name="Sec function functionality" time="0.788"/><testcase id="1609878902547" name="Sec object functionality" time="1.368"/></testsuite><testsuite failures="0" id="ZIP" name="ZIP" tests="2" time="5.048" timestamp="2021-01-05T20:35:04.383Z"><testcase id="1609878904383" name="ZIP basic functionality" time="2.035"/><testcase id="1609878906539" name="ZIP streaming functionality" time="3.013"/></testsuite><testsuite failures="0" id="JMX" name="JMX" tests="1" time="0.297" timestamp="2021-01-05T20:35:09.857Z"><testcase id="1609878909857" name="JMX test" time="0.297"/></testsuite><testsuite failures="0" id="Obj" name="Obj" tests="12" time="8.628" timestamp="2021-01-05T20:35:10.612Z"><testcase id="1609878910612" name="Flatten" time="0.293"/><testcase id="1609878911146" name="REST Errors" time="1.721"/><testcase id="1609878913051" name="Get Path" time="0.001"/><testcase id="1609878913552" name="Set Path" time="0.001"/><testcase id="1609878913872" name="Array to object conversion" time="0.001"/><testcase id="1609878914126" name="Object schema validation" time="0.464"/><testcase id="1609878915240" name="Object to array conversion" time="0"/><testcase id="1609878915555" name="Object pool" time="6.08"/><testcase id="1609878921700" name="Object fuzzy search" time="0.027"/><testcase id="1609878921935" name="Thread-safe array" time="0.002"/><testcase id="1609878922289" name="Generate One of" time="0.036"/><testcase id="1609878922623" name="Generate One of Fn" time="0.002"/></testsuite><testsuite failures="1" id="Server" name="Server" tests="8" time="28.779" timestamp="2021-01-05T20:35:22.926Z"><testcase id="1609878922926" name="Scheduler" time="15.032"><failure message="Problem scheduling an every 2 seconds function. (got 1 but expected 2)" type="ERROR">Problem scheduling an every 2 seconds function. (got 1 but expected 2)</failure></testcase><testcase id="1609878938142" name="REST server" time="0.093"/><testcase id="1609878938322" name="REST server simple" time="0.113"/><testcase id="1609878938557" name="HTTP server" time="0.066"/><testcase id="1609878938799" name="Locks" time="1.007"/><testcase id="1609878939862" name="Auth" time="6.227"/><testcase id="1609878946202" name="AuthApp" time="0.275"/><testcase id="1609878946562" name="Queue" time="5.966"/></testsuite><testsuite failures="0" id="AI" name="AI" tests="13" time="8.803" timestamp="2021-01-05T20:35:52.619Z"><testcase id="1609878952619" name="Perceptron XOR" time="1.196"/><testcase id="1609878954060" name="Perceptron XOR Put" time="4.965"/><testcase id="1609878959085" name="Liquid XOR" time="0.751"/><testcase id="1609878959949" name="LSTM AND" time="0.518"/><testcase id="1609878960644" name="Perceptron network save and load" time="0.132"/><testcase id="1609878961026" name="Liquid network save and load" time="0.6"/><testcase id="1609878961856" name="LSTM network save and load" time="0.454"/><testcase id="1609878962473" name="Normalize with schema" time="0.005"/><testcase id="1609878962712" name="Normalize features array" time="0.001"/><testcase id="1609878962899" name="Perceptron XOR save and load" time="0.075"/><testcase id="1609878963141" name="Test ID3" time="0.068"/><testcase id="1609878963691" name="Test C45" time="0.027"/><testcase id="1609878964025" name="Test KMeans" time="0.011"/></testsuite><testsuite failures="0" id="oDoc" name="oDoc" tests="1" time="0.514" timestamp="2021-01-05T20:36:04.211Z"><testcase id="1609878964211" name="Test access to oDoc" time="0.514"/></testsuite><testsuite failures="0" id="Template" name="Template" tests="6" time="0.515" timestamp="2021-01-05T20:36:04.836Z"><testcase id="1609878964836" name="Load Template" time="0.005"/><testcase id="1609878965217" name="Test Markdown to HTML" time="0.241"/><testcase id="1609878965687" name="Test simple template" time="0.044"/><testcase id="1609878965999" name="Test format helpers" time="0.062"/><testcase id="1609878966502" name="Test conditional helpers" time="0.1"/><testcase id="1609878966787" name="Test partial helpers" time="0.063"/></testsuite><testsuite failures="0" id="Channels" name="Channels" tests="24" time="180.462" timestamp="2021-01-05T20:36:07.204Z"><testcase id="1609878967204" name="Test Elastic Index" time="0.002"/><testcase id="1609878967584" name="Remote channel access auditing" time="0.22"/><testcase id="1609878967922" name="Subscribers test" time="12.183"/><testcase id="1609878980248" name="Test MVS Utils" time="0.101"/><testcase id="1609878980464" name="Keep history util" time="4.011"/><testcase id="1609878984538" name="Test channel (big)" time="0.001"/><testcase id="1609878984548" name="Test channel (big)" time="0.106"/><testcase id="1609878984667" name="Test channel (big)" time="12.011"/><testcase id="1609878996690" name="Test channel (big)" time="0"/><testcase id="1609878996704" name="Test channel (big)" time="32.017"/><testcase id="1609879028782" name="Test channel (simple)" time="0.001"/><testcase id="1609879028789" name="Test channel (simple)" time="0.061"/><testcase id="1609879028865" name="Test channel (simple)" time="11.183"/><testcase id="1609879040054" name="Test channel (simple)" time="0"/><testcase id="1609879040066" name="Test channel (simple)" time="32.004"/><testcase id="1609879072127" name="Test channel (mvs)" time="0"/><testcase id="1609879072135" name="Test channel (mvs)" time="0.063"/><testcase id="1609879072204" name="Test channel (mvs)" time="12.401"/><testcase id="1609879084612" name="Test channel (mvs)" time="0"/><testcase id="1609879084620" name="Test channel (mvs)" time="32.031"/><testcase id="1609879116707" name="Test channel (cache)" time="0"/><testcase id="1609879116714" name="Test channel (cache)" time="0"/><testcase id="1609879116721" name="Test channel (cache)" time="32.006"/><testcase id="1609879148786" name="Test channel (all)" time="0.06"/></testsuite><testsuite failures="0" id="Format" name="Format" tests="18" time="0.637" timestamp="2021-01-05T20:39:08.965Z"><testcase id="1609879148965" name="Load Format" time="0.001"/><testcase id="1609879149113" name="Add number separator" time="0"/><testcase id="1609879149227" name="Number abbreviation" time="0"/><testcase id="1609879149297" name="Number rounding" time="0"/><testcase id="1609879149431" name="Time ago" time="0.014"/><testcase id="1609879149558" name="Date to/from" time="0.001"/><testcase id="1609879149770" name="Unix date to/from" time="0"/><testcase id="1609879149862" name="LDAP date to/from" time="0"/><testcase id="1609879149983" name="Escape strings" time="0.001"/><testcase id="1609879150161" name="Word wrap" time="0.001"/><testcase id="1609879150290" name="String pad" time="0.001"/><testcase id="1609879150456" name="Date diff" time="0.006"/><testcase id="1609879150819" name="Cron" time="0.002"/><testcase id="1609879151012" name="Conversions" time="0"/><testcase id="1609879151132" name="LSH" time="0.559"/><testcase id="1609879151836" name="Host" time="0.003"/><testcase id="1609879152133" name="Cron How Many Ago" time="0.034"/><testcase id="1609879152297" name="Escape/Unescape HTML4" time="0.014"/></testsuite><testsuite failures="0" id="Java" name="Java" tests="2" time="1.039" timestamp="2021-01-05T20:39:12.599Z"><testcase id="1609879152599" name="Java Cipher" time="0.685"/><testcase id="1609879153625" name="Java ASym Cipher" time="0.354"/></testsuite><testsuite failures="0" id="HTTP" name="HTTP" tests="4" time="6.306" timestamp="2021-01-05T20:39:14.173Z"><testcase id="1609879154173" name="HTTP plugin basic functionality" time="0.066"/><testcase id="1609879154360" name="HTTP plugin web socket client" time="3.318"/><testcase id="1609879157834" name="HTTP plugin test basic auth" time="1.872"/><testcase id="1609879159758" name="HTTP changing user agent" time="1.05"/></testsuite><testsuite failures="0" id="DB" name="DB" tests="2" time="0.312" timestamp="2021-01-05T20:39:20.987Z"><testcase id="1609879160987" name="Simple DB in memory" time="0.287"/><testcase id="1609879161522" name="DB type conversion to JS" time="0.025"/></testsuite><testsuite failures="0" id="IO" name="IO" tests="9" time="1.097" timestamp="2021-01-05T20:39:21.734Z"><testcase id="1609879161734" name="IO Test JSON" time="0.031"/><testcase id="1609879162230" name="IO Test copy streams" time="0.732"/><testcase id="1609879163024" name="IO Test read/writeFileStream" time="0.016"/><testcase id="1609879163296" name="IO Test read/writeFileStreamBytes" time="0.006"/><testcase id="1609879163460" name="IO Test read/writeFileStream NIO" time="0.006"/><testcase id="1609879163605" name="IO Test read/writeFileStreamBytes NIO" time="0.005"/><testcase id="1609879163855" name="IO Test Gzip Native to Byte array" time="0.052"/><testcase id="1609879164007" name="IO Test binary file detection" time="0.036"/><testcase id="1609879164156" name="IO Test copy/move/delete file" time="0.213"/></testsuite><testsuite failures="0" id="CSV" name="CSV" tests="3" time="0.024" timestamp="2021-01-05T20:39:24.455Z"><testcase id="1609879164455" name="Generic CSV" time="0.002"/><testcase id="1609879164932" name="Stream CSV" time="0.012"/><testcase id="1609879165194" name="ToFrom CSV" time="0.01"/></testsuite><testsuite failures="3" id="OpenAF" name="OpenAF" tests="40" time="5.952" timestamp="2021-01-05T20:39:25.374Z"><testcase id="1609879165374" name="Get version" time="0.025"/><testcase id="1609879165498" name="Prints" time="0.082"/><testcase id="1609879165665" name="SPrints" time="0.216"/><testcase id="1609879165934" name="Logs" time="0.002"/><testcase id="1609879165983" name="IsFunctions" time="0.001"/><testcase id="1609879166069" name="DescType" time="0.001"/><testcase id="1609879166259" name="Test SHA1" time="0.001"/><testcase id="1609879166566" name="Test SHA256" time="0"/><testcase id="1609879166919" name="Test SHA512" time="0"/><testcase id="1609879167074" name="Test BCrypt" time="0.991"/><testcase id="1609879168083" name="Test Merge" time="0"/><testcase id="1609879168212" name="Test Shell" time="0.114"/><testcase id="1609879168413" name="Test Shell with Map" time="0.055"/><testcase id="1609879168600" name="Test Encoding" time="0"/><testcase id="1609879168736" name="Test Format Conversion to/from bytes" time="0"/><testcase id="1609879168860" name="Test Format Conversion to/from base64" time="0"/><testcase id="1609879168972" name="Test Stream conversions" time="0.001"/><testcase id="1609879169132" name="Test Object Compression" time="0"/><testcase id="1609879169251" name="Test $do" time="0.002"><failure message="Problem with $do().then().catch() using onReject (got true but expected false)" type="ERROR">Problem with $do().then().catch() using onReject (got true but expected false)</failure></testcase><testcase id="1609879169417" name="Test $doAll" time="0.001"><failure message="Problem with $doAll().catch() (got false but expected true)" type="ERROR">Problem with $doAll().catch() (got false but expected true)</failure></testcase><testcase id="1609879169484" name="Test $doFirst" time="0.18"/><testcase id="1609879170026" name="Basic Parallel processing" time="0.923"/><testcase id="1609879171026" name="Crypt" time="0.025"/><testcase id="1609879171302" name="Encrypt/Decrypt" time="0.003"/><testcase id="1609879171564" name="YAML" time="0.012"/><testcase id="1609879171696" name="Cache" time="0.325"/><testcase id="1609879172152" name="Retry" time="0.001"/><testcase id="1609879172363" name="Await" time="0.153"/><testcase id="1609879172582" name="NDJSON" time="0.007"/><testcase id="1609879173010" name="XML2And4Obj" time="0.154"/><testcase id="1609879173328" name="Map22Array" time="1.374"/><testcase id="1609879174844" name="Search Key and Values" time="0.003"/><testcase id="1609879175168" name="Two factor authentication" time="0.003"/><testcase id="1609879175313" name="Java RegExp" time="0.005"/><testcase id="1609879175519" name="Get Path" time="0"/><testcase id="1609879175676" name="Set Path" time="0.001"/><testcase id="1609879175869" name="Map Array" time="0.001"/><testcase id="1609879175963" name="PSelect" time="0.443"/><testcase id="1609879176942" name="Thread box" time="0.108"><failure message="JavaException: java.lang.InterruptedException: sleep interrupted" type="ERROR">JavaException: java.lang.InterruptedException: sleep interrupted</failure></testcase><testcase id="1609879177169" name="Test Rest" time="0.739"/></testsuite></testsuites>